<?xml version="1.0" encoding="UTF-8"?>
<testsuite xmlns:xsi="http://www.w3.org/2001/XMLSchema-instance" xsi:noNamespaceSchemaLocation="https://maven.apache.org/surefire/maven-surefire-plugin/xsd/surefire-test-report.xsd" name="test.RunnerTest" time="4.933" tests="1" errors="0" skipped="0" failures="1">
  <properties>
[...]
</properties>
  <testcase name="process_payment[1][1]" classname="test.RunnerTest" time="2.954">
    <failure message="js failed:&#10;&gt;&gt;&gt;&gt;&#10;01: const jwt = require(&quot;jsonwebtoken&quot;);&#10;02: const reqBody = {&#10;03: mobileNumber: &quot;+918369221597&quot;,&#10;04: deviceId: &quot;123456&quot;,&#10;05: };&#10;06: const secretKey = &quot;sk_live_1IQbrlbJbsUbwECZSIesC94A6JlY2fbTnlFJu7yT&quot;;&#10;07: function generateToken(reqBody, secretKey) {&#10;08: const token = jwt.sign(reqBody, secretKey, { expiresIn: 60 * 15 });&#10;09: return token;&#10;10: }&#10;&lt;&lt;&lt;&lt;&#10;org.graalvm.polyglot.PolyglotException: ReferenceError: &quot;require&quot; is not defined&#10;- &lt;js&gt;.:program(Unnamed:1)&#10;&#10;classpath:test/readJSON.feature:7" type="org.opentest4j.AssertionFailedError"><![CDATA[org.opentest4j.AssertionFailedError: 
js failed:
>>>>
01: const jwt = require("jsonwebtoken");
02: const reqBody = {
03: mobileNumber: "+918369221597",
04: deviceId: "123456",
05: };
06: const secretKey = "sk_live_1IQbrlbJbsUbwECZSIesC94A6JlY2fbTnlFJu7yT";
07: function generateToken(reqBody, secretKey) {
08: const token = jwt.sign(reqBody, secretKey, { expiresIn: 60 * 15 });
09: return token;
10: }
<<<<
org.graalvm.polyglot.PolyglotException: ReferenceError: "require" is not defined
- <js>.:program(Unnamed:1)

classpath:test/readJSON.feature:7
]]></failure>
    <system-out><![CDATA[23:53:01.850 [main] DEBUG com.intuit.karate.Suite - [config] classpath:karate-config.js
23:53:03.140 [main] INFO  com.intuit.karate - karate.env system property was: null 
23:53:03.224 [main] ERROR com.intuit.karate - classpath:test/readJSON.feature:7
* def returntoken =
"""
const jwt = require("jsonwebtoken");
const reqBody = {
mobileNumber: "+918369221597",
deviceId: "123456",
};
const secretKey = "sk_live_1IQbrlbJbsUbwECZSIesC94A6JlY2fbTnlFJu7yT";
function generateToken(reqBody, secretKey) {
const token = jwt.sign(reqBody, secretKey, { expiresIn: 60 * 15 });
return token;
}
"""
js failed:
>>>>
01: const jwt = require("jsonwebtoken");
02: const reqBody = {
03: mobileNumber: "+918369221597",
04: deviceId: "123456",
05: };
06: const secretKey = "sk_live_1IQbrlbJbsUbwECZSIesC94A6JlY2fbTnlFJu7yT";
07: function generateToken(reqBody, secretKey) {
08: const token = jwt.sign(reqBody, secretKey, { expiresIn: 60 * 15 });
09: return token;
10: }
<<<<
org.graalvm.polyglot.PolyglotException: ReferenceError: "require" is not defined
- <js>.:program(Unnamed:1)

classpath:test/readJSON.feature:7
---------------------------------------------------------
feature: classpath:test/readJSON.feature
scenarios:  1 | passed:  0 | failed:  1 | time: 0.0294
---------------------------------------------------------

Karate version: 1.3.1
======================================================
elapsed:   3.00 | threads:    1 | thread time: 0.03 
features:     1 | skipped:    0 | efficiency: 0.01
scenarios:    1 | passed:     0 | failed: 1
======================================================
>>> failed features:
js failed:
>>>>
01: const jwt = require("jsonwebtoken");
02: const reqBody = {
03: mobileNumber: "+918369221597",
04: deviceId: "123456",
05: };
06: const secretKey = "sk_live_1IQbrlbJbsUbwECZSIesC94A6JlY2fbTnlFJu7yT";
07: function generateToken(reqBody, secretKey) {
08: const token = jwt.sign(reqBody, secretKey, { expiresIn: 60 * 15 });
09: return token;
10: }
<<<<
org.graalvm.polyglot.PolyglotException: ReferenceError: "require" is not defined
- <js>.:program(Unnamed:1)

classpath:test/readJSON.feature:7
<<<

HTML report: (paste into browser to view) | Karate version: 1.3.1
file:///home/livquik/Desktop/karate_demo/myproject/target/karate-reports/karate-summary.html
===================================================================

]]></system-out>
  </testcase>
</testsuite>