-------------------------------------------------------------------------------
Test set: test.RunnerTest
-------------------------------------------------------------------------------
Tests run: 1, Failures: 1, Errors: 0, Skipped: 0, Time elapsed: 5.027 s <<< FAILURE! - in test.RunnerTest
process_payment[1][1]  Time elapsed: 3.252 s  <<< FAILURE!
org.opentest4j.AssertionFailedError: 
js failed:
>>>>
01: read('token.feature')
<<<<
org.graalvm.polyglot.PolyglotException: mismatched input '<EOF>' expecting {FEATURE_TAGS, FEATURE}
- com.intuit.karate.core.FeatureParser.parse(FeatureParser.java:74)
- com.intuit.karate.core.Feature.read(Feature.java:63)
- com.intuit.karate.core.ScenarioFileReader.readFile(ScenarioFileReader.java:65)
- com.intuit.karate.core.ScenarioEngine.lambda$new$0(ScenarioEngine.java:120)
- <js>.:program(Unnamed:1)

classpath:test/readJSON.feature:5

