-------------------------------------------------------------------------------
Test set: test.RunnerTest
-------------------------------------------------------------------------------
Tests run: 1, Failures: 1, Errors: 0, Skipped: 0, Time elapsed: 5.43 s <<< FAILURE! - in test.RunnerTest
process_payment[1][1]  Time elapsed: 3.258 s  <<< FAILURE!
org.opentest4j.AssertionFailedError: 
js failed:
>>>>
01: const jwt = require("jsonwebtoken");
02: const reqBody = {
03: mobileNumber: "+918369221597",
04: deviceId: "123456",
05: };
06: const secretKey = "sk_live_1IQbrlbJbsUbwECZSIesC94A6JlY2fbTnlFJu7yT";
07: function generateToken(reqBody, secretKey) {
08: const token = jwt.sign(reqBody, secretKey, { expiresIn: 60 * 15 });
09: return token;
10: }
<<<<
org.graalvm.polyglot.PolyglotException: ReferenceError: "require" is not defined
- <js>.:program(Unnamed:1)

classpath:test/readJSON.feature:7

