<?xml version="1.0" encoding="UTF-8"?>
<testsuite xmlns:xsi="http://www.w3.org/2001/XMLSchema-instance" xsi:noNamespaceSchemaLocation="https://maven.apache.org/surefire/maven-surefire-plugin/xsd/surefire-test-report.xsd" name="test.RunnerTest" time="6.077" tests="1" errors="0" skipped="0" failures="1">
  <properties>
[...]
</properties>
  <testcase name="process_payment[1][1]" classname="test.RunnerTest" time="3.989">
    <failure message="match failed: EQUALS&#10;  $ | not equal (STRING:STRING)&#10;  &apos;Invalid credentials.&apos;&#10;  &apos;Invalid&apos;&#10;&#10;classpath:test/readJSON_copy3.feature:29" type="org.opentest4j.AssertionFailedError">org.opentest4j.AssertionFailedError: 
match failed: EQUALS
  $ | not equal (STRING:STRING)
  'Invalid credentials.'
  'Invalid'

classpath:test/readJSON_copy3.feature:29
</failure>
    <system-out><![CDATA[16:30:19.797 [main] DEBUG com.intuit.karate.Suite - [config] classpath:karate-config.js
16:30:21.220 [main] INFO  com.intuit.karate - karate.env system property was: null 
16:30:21.722 [main] DEBUG com.intuit.karate - request:
1 > POST https://apitest.livquik.com/api/v1/bnpl/processPayment
1 > Content-Type: application/json; charset=UTF-8
1 > Authorization: ytwuiergyqwukrgfkwuegruwegyruiwer
1 > TENANT: KOTAK_BNPL
1 > public-key: Bearer cGtfbGl2ZV94NjIzRkpNZmFJbmk6c2tfbGl2ZV9xeUVwSUJaQWQxcG1aNk9oMklUOG43UjlmSzFVbmM2aEQ3VGtHSUxy
1 > User-Agent: PostmanRuntime/7.31.1
1 > Content-Length: 82
1 > Host: apitest.livquik.com
1 > Connection: Keep-Alive
1 > Accept-Encoding: gzip,deflate
{"mobileNumber":"+918722000003","deviceId":"9F0D7162-F90E-41B7-8357-88891C33F0ED"}

16:30:22.105 [main] DEBUG com.intuit.karate - response time in milliseconds: 379
1 < 200
1 < Server: nginx
1 < Date: Fri, 28 Apr 2023 11:00:22 GMT
1 < Content-Type: application/json
1 < Transfer-Encoding: chunked
1 < Connection: keep-alive
1 < Vary: Accept-Encoding
1 < Vary: Origin
1 < Content-Security-Policy: default-src 'self';base-uri 'self';font-src 'self' https: data:;form-action 'self';frame-ancestors 'self';img-src 'self' data:;object-src 'none';script-src 'self';script-src-attr 'none';style-src 'self' https: 'unsafe-inline';upgrade-insecure-requests
1 < Cross-Origin-Embedder-Policy: require-corp
1 < Cross-Origin-Opener-Policy: same-origin
1 < Cross-Origin-Resource-Policy: same-origin
1 < X-DNS-Prefetch-Control: off
1 < X-Frame-Options: SAMEORIGIN
1 < X-Frame-Options: SAMEORIGIN
1 < Strict-Transport-Security: max-age=31536000; includeSubDomains
1 < Strict-Transport-Security: max-age=432000; includeSubDomains
1 < X-Download-Options: noopen
1 < X-Content-Type-Options: nosniff
1 < X-Content-Type-Options: nosniff
1 < Origin-Agent-Cluster: ?1
1 < X-Permitted-Cross-Domain-Policies: none
1 < Referrer-Policy: no-referrer
1 < X-XSS-Protection: 0
1 < X-XSS-Protection: 1; mode=block
1 < X-Powered-By: Express
1 < vary: Accept-Encoding
1 < vary: Origin
1 < X-Kong-Upstream-Latency: 9
1 < X-Kong-Proxy-Latency: 2
1 < Via: kong/2.7.0.0-enterprise-edition
{"result":{"status":"failed","statusCode":"PAY_1002","message":"Invalid credentials."}}

16:30:22.126 [main] ERROR com.intuit.karate - classpath:test/readJSON_copy3.feature:29
And match $.result.message == 'Invalid'
match failed: EQUALS
  $ | not equal (STRING:STRING)
  'Invalid credentials.'
  'Invalid'

classpath:test/readJSON_copy3.feature:29
---------------------------------------------------------
feature: classpath:test/readJSON_copy3.feature
scenarios:  1 | passed:  0 | failed:  1 | time: 0.8260
---------------------------------------------------------

Karate version: 1.3.1
======================================================
elapsed:   4.04 | threads:    1 | thread time: 0.83 
features:     1 | skipped:    0 | efficiency: 0.20
scenarios:    1 | passed:     0 | failed: 1
======================================================
>>> failed features:
match failed: EQUALS
  $ | not equal (STRING:STRING)
  'Invalid credentials.'
  'Invalid'

classpath:test/readJSON_copy3.feature:29
<<<

HTML report: (paste into browser to view) | Karate version: 1.3.1
file:///home/livquik/Desktop/karate_API/myproject/target/karate-reports/karate-summary.html
===================================================================

]]></system-out>
  </testcase>
</testsuite>