-------------------------------------------------------------------------------
Test set: test.RunnerFile.RunnerTest
-------------------------------------------------------------------------------
Tests run: 1, Failures: 1, Errors: 0, Skipped: 0, Time elapsed: 0.22 s <<< FAILURE! - in test.RunnerFile.RunnerTest
testAll  Time elapsed: 0.22 s  <<< FAILURE!
org.opentest4j.AssertionFailedError: no features or scenarios found: [classpath:test/RunnerFile]

