-------------------------------------------------------------------------------
Test set: test.RunnerTest
-------------------------------------------------------------------------------
Tests run: 1, Failures: 1, Errors: 0, Skipped: 0, Time elapsed: 6.077 s <<< FAILURE! - in test.RunnerTest
process_payment[1][1]  Time elapsed: 3.989 s  <<< FAILURE!
org.opentest4j.AssertionFailedError: 
match failed: EQUALS
  $ | not equal (STRING:STRING)
  'Invalid credentials.'
  'Invalid'

classpath:test/readJSON_copy3.feature:29

